<?xml version="1.0" encoding="UTF-8"?>
<!-- Generated by org.testng.reporters.JUnitXMLReporter -->
<testsuite hostname="LAPTOP-KRNDV7TL" name="Test" tests="33" failures="0" timestamp="31 May 2020 10:51:31 GMT" time="208.226" errors="0">
  <testcase name="launch" time="22.343" classname="practice.Limeroad"/>
  <testcase name="pagetitleurlgoogle" time="0.017" classname="practice.Limeroad"/>
  <testcase name="Lime" time="15.867" classname="practice.Limeroad"/>
  <testcase name="pagetitleurllimeroad" time="1.111" classname="practice.Limeroad"/>
  <testcase name="selectlanguage" time="34.187" classname="practice.Limeroad"/>
  <testcase name="selectwomen" time="2.056" classname="practice.Limeroad"/>
  <testcase name="menupage" time="4.729" classname="practice.Limeroad"/>
  <testcase name="signin" time="23.024" classname="practice.Limeroad"/>
  <testcase name="smartwatches" time="9.121" classname="practice.Limeroad"/>
  <testcase name="searchproduct" time="1.329" classname="practice.Limeroad"/>
  <testcase name="searchproduct" time="1.327" classname="practice.Limeroad"/>
  <testcase name="searchproduct" time="1.327" classname="practice.Limeroad"/>
  <testcase name="searchproduct" time="1.348" classname="practice.Limeroad"/>
  <testcase name="searchproduct" time="1.299" classname="practice.Limeroad"/>
  <testcase name="searchproduct" time="1.296" classname="practice.Limeroad"/>
  <testcase name="searchproduct" time="1.34" classname="practice.Limeroad"/>
  <testcase name="searchproduct" time="1.292" classname="practice.Limeroad"/>
  <testcase name="searchproduct" time="1.288" classname="practice.Limeroad"/>
  <testcase name="searchproduct" time="1.304" classname="practice.Limeroad"/>
  <testcase name="searchproduct" time="1.338" classname="practice.Limeroad"/>
  <testcase name="searchproduct" time="1.321" classname="practice.Limeroad"/>
  <testcase name="searchproduct" time="1.259" classname="practice.Limeroad"/>
  <testcase name="searchproduct" time="1.272" classname="practice.Limeroad"/>
  <testcase name="searchproduct" time="1.246" classname="practice.Limeroad"/>
  <testcase name="searchproduct" time="1.263" classname="practice.Limeroad"/>
  <testcase name="searchproduct" time="1.279" classname="practice.Limeroad"/>
  <testcase name="searchproduct" time="1.329" classname="practice.Limeroad"/>
  <testcase name="searchproduct" time="1.359" classname="practice.Limeroad"/>
  <testcase name="searchproduct" time="1.375" classname="practice.Limeroad"/>
  <testcase name="addtocart" time="17.771" classname="practice.Limeroad"/>
  <testcase name="shoppingoffers" time="20.121" classname="practice.Limeroad"/>
  <testcase name="checkoffer60" time="7.33" classname="practice.Limeroad"/>
  <testcase name="checkoutoffer70" time="24.21" classname="practice.Limeroad"/>
</testsuite> <!-- Test -->
