<?xml version="1.0" encoding="UTF-8"?>
<!-- Generated by org.testng.reporters.JUnitXMLReporter -->
<testsuite hostname="LAPTOP-KRNDV7TL" name="Test(failed)" tests="1" failures="1" timestamp="1 Jun 2020 05:10:47 GMT" time="0.063" errors="0">
  <testcase name="inside" time="0.0" classname="practice.Limeroad">
    <failure type="java.lang.Error" message="Unresolved compilation problem: 
	Syntax error on tokens, delete these tokens
">
      <![CDATA[java.lang.Error: Unresolved compilation problem: 
	Syntax error on tokens, delete these tokens

	at practice.Limeroad.inside(Limeroad.java:505)
... Removed 25 stack frames]]>
    </failure>
  </testcase> <!-- inside -->
</testsuite> <!-- Test(failed) -->
