<?xml version="1.0" encoding="UTF-8"?>
<!-- Generated by org.testng.reporters.JUnitXMLReporter -->
<testsuite hostname="LAPTOP-KRNDV7TL" name="Test(failed)" tests="3" failures="3" timestamp="31 May 2020 02:47:21 GMT" time="4.151" errors="0">
  <testcase name="selectwomen" time="0.025" classname="practice.Limeroad">
    <failure type="java.lang.NullPointerException">
      <![CDATA[java.lang.NullPointerException
	at practice.Limeroad.selectwomen(Limeroad.java:92)
... Removed 25 stack frames]]>
    </failure>
  </testcase> <!-- selectwomen -->
  <testcase name="signin" time="2.019" classname="practice.Limeroad">
    <failure type="java.lang.NullPointerException">
      <![CDATA[java.lang.NullPointerException
	at practice.Limeroad.signin(Limeroad.java:118)
... Removed 25 stack frames]]>
    </failure>
  </testcase> <!-- signin -->
  <testcase name="shoppingoffers" time="2.013" classname="practice.Limeroad">
    <failure type="java.lang.NullPointerException">
      <![CDATA[java.lang.NullPointerException
	at practice.Limeroad.shoppingoffers(Limeroad.java:218)
... Removed 25 stack frames]]>
    </failure>
  </testcase> <!-- shoppingoffers -->
</testsuite> <!-- Test(failed) -->
